e:\desktop\pubgdma收\pubg_111\x64\release\vc142.pdb
e:\desktop\pubgdma收\pubg_111\x64\release\game.obj
e:\desktop\pubgdma收\pubg_111\x64\release\render.obj
e:\desktop\pubgdma收\pubg_111\x64\release\radar.obj
e:\desktop\pubgdma收\pubg_111\x64\release\stringh.obj
e:\desktop\pubgdma收\pubg_111\x64\release\menu.obj
e:\desktop\pubgdma收\pubg_111\x64\release\memory.obj
e:\desktop\pubgdma收\pubg_111\x64\release\main.obj
e:\desktop\pubgdma收\pubg_111\x64\release\key.obj
e:\desktop\pubgdma收\pubg_111\x64\release\imgui_widgets.obj
e:\desktop\pubgdma收\pubg_111\x64\release\imgui_tables.obj
e:\desktop\pubgdma收\pubg_111\x64\release\imgui_impl_win32.obj
e:\desktop\pubgdma收\pubg_111\x64\release\imgui_impl_opengl3.obj
e:\desktop\pubgdma收\pubg_111\x64\release\imgui_impl_glfw.obj
e:\desktop\pubgdma收\pubg_111\x64\release\imgui_impl_dx11.obj
e:\desktop\pubgdma收\pubg_111\x64\release\imgui_draw.obj
e:\desktop\pubgdma收\pubg_111\x64\release\imguicustom.obj
e:\desktop\pubgdma收\pubg_111\x64\release\imgui.obj
e:\desktop\pubgdma收\pubg_111\x64\release\entry.obj
e:\desktop\pubgdma收\pubg_111\x64\release\cthread.obj
e:\desktop\pubgdma收\pubg_111\x64\release\json.obj
e:\desktop\pubgdma收\pubg_111\x64\release\struct.obj
e:\desktop\pubgdma收\pubg_111\x64\release\dma_pubg.ipdb
e:\desktop\pubgdma收\pubg_111\x64\release\dma_pubg.iobj
e:\desktop\pubgdma收\pubg_111\x64\release\dma_pubg.exe
e:\desktop\pubgdma收\pubg_111\x64\release\dma_pubg.pdb
e:\desktop\pubgdma收\pubg_111\x64\release\dma_pubg.tlog\cl.command.1.tlog
e:\desktop\pubgdma收\pubg_111\x64\release\dma_pubg.tlog\cl.read.1.tlog
e:\desktop\pubgdma收\pubg_111\x64\release\dma_pubg.tlog\cl.write.1.tlog
e:\desktop\pubgdma收\pubg_111\x64\release\dma_pubg.tlog\dma_pubg.write.1u.tlog
e:\desktop\pubgdma收\pubg_111\x64\release\dma_pubg.tlog\link.command.1.tlog
e:\desktop\pubgdma收\pubg_111\x64\release\dma_pubg.tlog\link.read.1.tlog
e:\desktop\pubgdma收\pubg_111\x64\release\dma_pubg.tlog\link.write.1.tlog
